<?xml version="1.0" encoding="UTF-8"?>
<!-- Generated by org.testng.reporters.JUnitReportReporter -->
<testsuite hostname="Navichinna" failures="0" tests="1" name="testPages.TestSigninpages" time="4.422" errors="0" timestamp="2023-12-09T14:58:56 IST" skipped="0">
  <testcase classname="testPages.TestSigninpages" name="testLogin" time="4.422"/>
  <system-out/>
</testsuite> <!-- testPages.TestSigninpages -->
